2021-03-18 05:16:52 info: ---------------------------------------
2021-03-18 05:16:53 info: >>> Running Unit Test `ex1-johnWho` <<<
2021-03-18 05:16:53 info: ---------------------------------------
2021-03-18 05:16:58 error: *** Unit Test Error Report ***

- getAnonName should take a single argument

2021-03-18 05:17:50 info: ---------------------------------------------
2021-03-18 05:17:50 info: >>> Running Unit Test `ex1-programmerFun` <<<
2021-03-18 05:17:50 info: ---------------------------------------------
2021-03-18 05:17:50 info: Exercise has not yet been modified
2021-03-18 05:17:55 error: *** Unit Test Error Report ***

- programmerFun should use XMLHttpRequest inside a function
- programmerFun should call XMLHttpRequest's `open` method
- programmerFun should call XMLHttpRequest's `send` method
- programmerFun should handle XMLHttpRequest's `load` event
- programmerFun should handle XMLHttpRequest's `error` event
- programmerFun should use async/wait
- programmerFun should use try/catch

2021-03-18 05:17:56 error: *** ESLint Report ***

ex1-programmerFun/index.js
  19:22  error  'url' is defined but never used  no-unused-vars

✖ 1 problem (1 error, 0 warnings)


2021-03-18 05:19:23 info: ---------------------------------------------
2021-03-18 05:19:23 info: >>> Running Unit Test `ex1-programmerFun` <<<
2021-03-18 05:19:23 info: ---------------------------------------------
2021-03-18 05:19:23 info: Exercise has not yet been modified
2021-03-18 05:19:28 error: *** Unit Test Error Report ***

- programmerFun should use XMLHttpRequest inside a function
- programmerFun should call XMLHttpRequest's `open` method
- programmerFun should call XMLHttpRequest's `send` method
- programmerFun should handle XMLHttpRequest's `load` event
- programmerFun should handle XMLHttpRequest's `error` event
- programmerFun should use async/wait
- programmerFun should use try/catch

2021-03-18 05:19:29 error: *** ESLint Report ***

ex1-programmerFun/index.js
  19:22  error  'url' is defined but never used  no-unused-vars

✖ 1 problem (1 error, 0 warnings)


2021-03-18 05:19:38 info: ---------------------------------------
2021-03-18 05:19:38 info: >>> Running Unit Test `ex1-johnWho` <<<
2021-03-18 05:19:38 info: ---------------------------------------
2021-03-18 05:19:42 info: All unit tests passed.
2021-03-18 05:19:44 info: All steps were completed successfully
2021-03-18 05:19:54 info: -------------------------------------------------
2021-03-18 05:19:54 info: >>> Running Unit Test `ex2-checkDoubleDigits` <<<
2021-03-18 05:19:54 info: -------------------------------------------------
2021-03-18 05:19:56 info: All unit tests passed.
2021-03-18 05:19:58 info: All steps were completed successfully
2021-03-18 05:20:08 info: ----------------------------------------
2021-03-18 05:20:08 info: >>> Running Unit Test `ex3-rollDice` <<<
2021-03-18 05:20:08 info: ----------------------------------------
2021-03-18 05:20:11 info: All unit tests passed.
2021-03-18 05:20:13 info: All steps were completed successfully
2021-03-18 05:20:24 info: --------------------------------------------
2021-03-18 05:20:24 info: >>> Running Unit Test `ex4-pokerDiceAll` <<<
2021-03-18 05:20:24 info: --------------------------------------------
2021-03-18 05:20:26 info: All unit tests passed.
2021-03-18 05:20:28 info: All steps were completed successfully
